{
 "displayTimeUnit": "ms", 
 "traceEvents": [
  {
   "name": "FACTORY-PORT", 
   "tid": "TRUCK:0", 
   "ph": "B", 
   "args": {
    "cargo": [
     "CARGO:FACTORY_A_1"
    ], 
    "transport": "TRUCK:0"
   }, 
   "pid": "TRUCK:0", 
   "ts": 0, 
   "cat": "ddd"
  }, 
  {
   "tid": "TRUCK:0", 
   "ph": "E", 
   "args": {
    "cargo": [
     "CARGO:FACTORY_A_1"
    ], 
    "transport": "TRUCK:0"
   }, 
   "pid": "TRUCK:0", 
   "ts": 1, 
   "cat": "ddd"
  }, 
  {
   "name": "PORT-FACTORY", 
   "tid": "TRUCK:0", 
   "ph": "B", 
   "args": {
    "cargo": [], 
    "transport": "TRUCK:0"
   }, 
   "pid": "TRUCK:0", 
   "ts": 1, 
   "cat": "ddd"
  }, 
  {
   "name": "PORT-A", 
   "tid": "SHIP:2", 
   "ph": "B", 
   "args": {
    "cargo": [
     "CARGO:FACTORY_A_1"
    ], 
    "transport": "SHIP:2"
   }, 
   "pid": "SHIP:2", 
   "ts": 1, 
   "cat": "ddd"
  }, 
  {
   "tid": "TRUCK:0", 
   "ph": "E", 
   "args": {
    "cargo": [], 
    "transport": "TRUCK:0"
   }, 
   "pid": "TRUCK:0", 
   "ts": 2, 
   "cat": "ddd"
  }, 
  {
   "tid": "TRUCK:0", 
   "ph": "E", 
   "args": {
    "cargo": [], 
    "transport": "TRUCK:0"
   }, 
   "pid": "TRUCK:0", 
   "ts": 3, 
   "cat": "ddd"
  }, 
  {
   "tid": "TRUCK:0", 
   "ph": "E", 
   "args": {
    "cargo": [], 
    "transport": "TRUCK:0"
   }, 
   "pid": "TRUCK:0", 
   "ts": 4, 
   "cat": "ddd"
  }, 
  {
   "tid": "TRUCK:0", 
   "ph": "E", 
   "args": {
    "cargo": [], 
    "transport": "TRUCK:0"
   }, 
   "pid": "TRUCK:0", 
   "ts": 5, 
   "cat": "ddd"
  }, 
  {
   "tid": "SHIP:2", 
   "ph": "E", 
   "args": {
    "cargo": [
     "CARGO:FACTORY_A_1"
    ], 
    "transport": "SHIP:2"
   }, 
   "pid": "SHIP:2", 
   "ts": 5, 
   "cat": "ddd"
  }, 
  {
   "name": "A-PORT", 
   "tid": "SHIP:2", 
   "ph": "B", 
   "args": {
    "cargo": [], 
    "transport": "SHIP:2"
   }, 
   "pid": "SHIP:2", 
   "ts": 5, 
   "cat": "ddd"
  }
 ]
}
