{
 "displayTimeUnit": "ms", 
 "traceEvents": [
  {
   "name": "FACTORY-PORT", 
   "tid": "TRUCK:0", 
   "ph": "B", 
   "args": {
    "cargo": [
     "CARGO:FACTORY_A_1"
    ], 
    "transport": "TRUCK:0"
   }, 
   "pid": "TRUCK:0", 
   "ts": 0, 
   "cat": "ddd"
  }, 
  {
   "name": "FACTORY-PORT", 
   "tid": "TRUCK:1", 
   "ph": "B", 
   "args": {
    "cargo": [
     "CARGO:FACTORY_A_2"
    ], 
    "transport": "TRUCK:1"
   }, 
   "pid": "TRUCK:1", 
   "ts": 0, 
   "cat": "ddd"
  }, 
  {
   "tid": "TRUCK:0", 
   "ph": "E", 
   "args": {
    "cargo": [
     "CARGO:FACTORY_A_1"
    ], 
    "transport": "TRUCK:0"
   }, 
   "pid": "TRUCK:0", 
   "ts": 1, 
   "cat": "ddd"
  }, 
  {
   "name": "PORT-FACTORY", 
   "tid": "TRUCK:0", 
   "ph": "B", 
   "args": {
    "cargo": [], 
    "transport": "TRUCK:0"
   }, 
   "pid": "TRUCK:0", 
   "ts": 1, 
   "cat": "ddd"
  }, 
  {
   "tid": "TRUCK:1", 
   "ph": "E", 
   "args": {
    "cargo": [
     "CARGO:FACTORY_A_2"
    ], 
    "transport": "TRUCK:1"
   }, 
   "pid": "TRUCK:1", 
   "ts": 1, 
   "cat": "ddd"
  }, 
  {
   "name": "PORT-FACTORY", 
   "tid": "TRUCK:1", 
   "ph": "B", 
   "args": {
    "cargo": [], 
    "transport": "TRUCK:1"
   }, 
   "pid": "TRUCK:1", 
   "ts": 1, 
   "cat": "ddd"
  }, 
  {
   "name": "PORT-A", 
   "tid": "SHIP:2", 
   "ph": "B", 
   "args": {
    "cargo": [
     "CARGO:FACTORY_A_1"
    ], 
    "transport": "SHIP:2"
   }, 
   "pid": "SHIP:2", 
   "ts": 1, 
   "cat": "ddd"
  }, 
  {
   "tid": "TRUCK:0", 
   "ph": "E", 
   "args": {
    "cargo": [], 
    "transport": "TRUCK:0"
   }, 
   "pid": "TRUCK:0", 
   "ts": 2, 
   "cat": "ddd"
  }, 
  {
   "name": "FACTORY-B", 
   "tid": "TRUCK:0", 
   "ph": "B", 
   "args": {
    "cargo": [
     "CARGO:FACTORY_B_3"
    ], 
    "transport": "TRUCK:0"
   }, 
   "pid": "TRUCK:0", 
   "ts": 2, 
   "cat": "ddd"
  }, 
  {
   "tid": "TRUCK:1", 
   "ph": "E", 
   "args": {
    "cargo": [], 
    "transport": "TRUCK:1"
   }, 
   "pid": "TRUCK:1", 
   "ts": 2, 
   "cat": "ddd"
  }, 
  {
   "name": "FACTORY-PORT", 
   "tid": "TRUCK:1", 
   "ph": "B", 
   "args": {
    "cargo": [
     "CARGO:FACTORY_A_4"
    ], 
    "transport": "TRUCK:1"
   }, 
   "pid": "TRUCK:1", 
   "ts": 2, 
   "cat": "ddd"
  }, 
  {
   "tid": "TRUCK:1", 
   "ph": "E", 
   "args": {
    "cargo": [
     "CARGO:FACTORY_A_4"
    ], 
    "transport": "TRUCK:1"
   }, 
   "pid": "TRUCK:1", 
   "ts": 3, 
   "cat": "ddd"
  }, 
  {
   "name": "PORT-FACTORY", 
   "tid": "TRUCK:1", 
   "ph": "B", 
   "args": {
    "cargo": [], 
    "transport": "TRUCK:1"
   }, 
   "pid": "TRUCK:1", 
   "ts": 3, 
   "cat": "ddd"
  }, 
  {
   "tid": "TRUCK:1", 
   "ph": "E", 
   "args": {
    "cargo": [], 
    "transport": "TRUCK:1"
   }, 
   "pid": "TRUCK:1", 
   "ts": 4, 
   "cat": "ddd"
  }, 
  {
   "name": "FACTORY-B", 
   "tid": "TRUCK:1", 
   "ph": "B", 
   "args": {
    "cargo": [
     "CARGO:FACTORY_B_5"
    ], 
    "transport": "TRUCK:1"
   }, 
   "pid": "TRUCK:1", 
   "ts": 4, 
   "cat": "ddd"
  }, 
  {
   "tid": "SHIP:2", 
   "ph": "E", 
   "args": {
    "cargo": [
     "CARGO:FACTORY_A_1"
    ], 
    "transport": "SHIP:2"
   }, 
   "pid": "SHIP:2", 
   "ts": 5, 
   "cat": "ddd"
  }, 
  {
   "name": "A-PORT", 
   "tid": "SHIP:2", 
   "ph": "B", 
   "args": {
    "cargo": [], 
    "transport": "SHIP:2"
   }, 
   "pid": "SHIP:2", 
   "ts": 5, 
   "cat": "ddd"
  }, 
  {
   "tid": "TRUCK:0", 
   "ph": "E", 
   "args": {
    "cargo": [
     "CARGO:FACTORY_B_3"
    ], 
    "transport": "TRUCK:0"
   }, 
   "pid": "TRUCK:0", 
   "ts": 7, 
   "cat": "ddd"
  }, 
  {
   "name": "B-FACTORY", 
   "tid": "TRUCK:0", 
   "ph": "B", 
   "args": {
    "cargo": [], 
    "transport": "TRUCK:0"
   }, 
   "pid": "TRUCK:0", 
   "ts": 7, 
   "cat": "ddd"
  }, 
  {
   "tid": "TRUCK:1", 
   "ph": "E", 
   "args": {
    "cargo": [
     "CARGO:FACTORY_B_5"
    ], 
    "transport": "TRUCK:1"
   }, 
   "pid": "TRUCK:1", 
   "ts": 9, 
   "cat": "ddd"
  }, 
  {
   "name": "B-FACTORY", 
   "tid": "TRUCK:1", 
   "ph": "B", 
   "args": {
    "cargo": [], 
    "transport": "TRUCK:1"
   }, 
   "pid": "TRUCK:1", 
   "ts": 9, 
   "cat": "ddd"
  }, 
  {
   "tid": "SHIP:2", 
   "ph": "E", 
   "args": {
    "cargo": [], 
    "transport": "SHIP:2"
   }, 
   "pid": "SHIP:2", 
   "ts": 9, 
   "cat": "ddd"
  }, 
  {
   "name": "PORT-A", 
   "tid": "SHIP:2", 
   "ph": "B", 
   "args": {
    "cargo": [
     "CARGO:FACTORY_A_2"
    ], 
    "transport": "SHIP:2"
   }, 
   "pid": "SHIP:2", 
   "ts": 9, 
   "cat": "ddd"
  }, 
  {
   "tid": "TRUCK:0", 
   "ph": "E", 
   "args": {
    "cargo": [], 
    "transport": "TRUCK:0"
   }, 
   "pid": "TRUCK:0", 
   "ts": 12, 
   "cat": "ddd"
  }, 
  {
   "name": "FACTORY-B", 
   "tid": "TRUCK:0", 
   "ph": "B", 
   "args": {
    "cargo": [
     "CARGO:FACTORY_B_6"
    ], 
    "transport": "TRUCK:0"
   }, 
   "pid": "TRUCK:0", 
   "ts": 12, 
   "cat": "ddd"
  }, 
  {
   "tid": "SHIP:2", 
   "ph": "E", 
   "args": {
    "cargo": [
     "CARGO:FACTORY_A_2"
    ], 
    "transport": "SHIP:2"
   }, 
   "pid": "SHIP:2", 
   "ts": 13, 
   "cat": "ddd"
  }, 
  {
   "name": "A-PORT", 
   "tid": "SHIP:2", 
   "ph": "B", 
   "args": {
    "cargo": [], 
    "transport": "SHIP:2"
   }, 
   "pid": "SHIP:2", 
   "ts": 13, 
   "cat": "ddd"
  }, 
  {
   "tid": "TRUCK:1", 
   "ph": "E", 
   "args": {
    "cargo": [], 
    "transport": "TRUCK:1"
   }, 
   "pid": "TRUCK:1", 
   "ts": 14, 
   "cat": "ddd"
  }, 
  {
   "name": "FACTORY-PORT", 
   "tid": "TRUCK:1", 
   "ph": "B", 
   "args": {
    "cargo": [
     "CARGO:FACTORY_A_7"
    ], 
    "transport": "TRUCK:1"
   }, 
   "pid": "TRUCK:1", 
   "ts": 14, 
   "cat": "ddd"
  }, 
  {
   "tid": "TRUCK:1", 
   "ph": "E", 
   "args": {
    "cargo": [
     "CARGO:FACTORY_A_7"
    ], 
    "transport": "TRUCK:1"
   }, 
   "pid": "TRUCK:1", 
   "ts": 15, 
   "cat": "ddd"
  }, 
  {
   "name": "PORT-FACTORY", 
   "tid": "TRUCK:1", 
   "ph": "B", 
   "args": {
    "cargo": [], 
    "transport": "TRUCK:1"
   }, 
   "pid": "TRUCK:1", 
   "ts": 15, 
   "cat": "ddd"
  }, 
  {
   "tid": "TRUCK:1", 
   "ph": "E", 
   "args": {
    "cargo": [], 
    "transport": "TRUCK:1"
   }, 
   "pid": "TRUCK:1", 
   "ts": 16, 
   "cat": "ddd"
  }, 
  {
   "name": "FACTORY-B", 
   "tid": "TRUCK:1", 
   "ph": "B", 
   "args": {
    "cargo": [
     "CARGO:FACTORY_B_8"
    ], 
    "transport": "TRUCK:1"
   }, 
   "pid": "TRUCK:1", 
   "ts": 16, 
   "cat": "ddd"
  }, 
  {
   "tid": "TRUCK:0", 
   "ph": "E", 
   "args": {
    "cargo": [
     "CARGO:FACTORY_B_6"
    ], 
    "transport": "TRUCK:0"
   }, 
   "pid": "TRUCK:0", 
   "ts": 17, 
   "cat": "ddd"
  }, 
  {
   "name": "B-FACTORY", 
   "tid": "TRUCK:0", 
   "ph": "B", 
   "args": {
    "cargo": [], 
    "transport": "TRUCK:0"
   }, 
   "pid": "TRUCK:0", 
   "ts": 17, 
   "cat": "ddd"
  }, 
  {
   "tid": "SHIP:2", 
   "ph": "E", 
   "args": {
    "cargo": [], 
    "transport": "SHIP:2"
   }, 
   "pid": "SHIP:2", 
   "ts": 17, 
   "cat": "ddd"
  }, 
  {
   "name": "PORT-A", 
   "tid": "SHIP:2", 
   "ph": "B", 
   "args": {
    "cargo": [
     "CARGO:FACTORY_A_4"
    ], 
    "transport": "SHIP:2"
   }, 
   "pid": "SHIP:2", 
   "ts": 17, 
   "cat": "ddd"
  }, 
  {
   "tid": "TRUCK:1", 
   "ph": "E", 
   "args": {
    "cargo": [
     "CARGO:FACTORY_B_8"
    ], 
    "transport": "TRUCK:1"
   }, 
   "pid": "TRUCK:1", 
   "ts": 21, 
   "cat": "ddd"
  }, 
  {
   "name": "B-FACTORY", 
   "tid": "TRUCK:1", 
   "ph": "B", 
   "args": {
    "cargo": [], 
    "transport": "TRUCK:1"
   }, 
   "pid": "TRUCK:1", 
   "ts": 21, 
   "cat": "ddd"
  }, 
  {
   "tid": "SHIP:2", 
   "ph": "E", 
   "args": {
    "cargo": [
     "CARGO:FACTORY_A_4"
    ], 
    "transport": "SHIP:2"
   }, 
   "pid": "SHIP:2", 
   "ts": 21, 
   "cat": "ddd"
  }, 
  {
   "name": "A-PORT", 
   "tid": "SHIP:2", 
   "ph": "B", 
   "args": {
    "cargo": [], 
    "transport": "SHIP:2"
   }, 
   "pid": "SHIP:2", 
   "ts": 21, 
   "cat": "ddd"
  }, 
  {
   "tid": "TRUCK:0", 
   "ph": "E", 
   "args": {
    "cargo": [], 
    "transport": "TRUCK:0"
   }, 
   "pid": "TRUCK:0", 
   "ts": 22, 
   "cat": "ddd"
  }, 
  {
   "tid": "TRUCK:0", 
   "ph": "E", 
   "args": {
    "cargo": [], 
    "transport": "TRUCK:0"
   }, 
   "pid": "TRUCK:0", 
   "ts": 23, 
   "cat": "ddd"
  }, 
  {
   "tid": "TRUCK:0", 
   "ph": "E", 
   "args": {
    "cargo": [], 
    "transport": "TRUCK:0"
   }, 
   "pid": "TRUCK:0", 
   "ts": 24, 
   "cat": "ddd"
  }, 
  {
   "tid": "TRUCK:0", 
   "ph": "E", 
   "args": {
    "cargo": [], 
    "transport": "TRUCK:0"
   }, 
   "pid": "TRUCK:0", 
   "ts": 25, 
   "cat": "ddd"
  }, 
  {
   "tid": "SHIP:2", 
   "ph": "E", 
   "args": {
    "cargo": [], 
    "transport": "SHIP:2"
   }, 
   "pid": "SHIP:2", 
   "ts": 25, 
   "cat": "ddd"
  }, 
  {
   "name": "PORT-A", 
   "tid": "SHIP:2", 
   "ph": "B", 
   "args": {
    "cargo": [
     "CARGO:FACTORY_A_7"
    ], 
    "transport": "SHIP:2"
   }, 
   "pid": "SHIP:2", 
   "ts": 25, 
   "cat": "ddd"
  }, 
  {
   "tid": "TRUCK:0", 
   "ph": "E", 
   "args": {
    "cargo": [], 
    "transport": "TRUCK:0"
   }, 
   "pid": "TRUCK:0", 
   "ts": 26, 
   "cat": "ddd"
  }, 
  {
   "tid": "TRUCK:1", 
   "ph": "E", 
   "args": {
    "cargo": [], 
    "transport": "TRUCK:1"
   }, 
   "pid": "TRUCK:1", 
   "ts": 26, 
   "cat": "ddd"
  }, 
  {
   "tid": "TRUCK:0", 
   "ph": "E", 
   "args": {
    "cargo": [], 
    "transport": "TRUCK:0"
   }, 
   "pid": "TRUCK:0", 
   "ts": 27, 
   "cat": "ddd"
  }, 
  {
   "tid": "TRUCK:1", 
   "ph": "E", 
   "args": {
    "cargo": [], 
    "transport": "TRUCK:1"
   }, 
   "pid": "TRUCK:1", 
   "ts": 27, 
   "cat": "ddd"
  }, 
  {
   "tid": "TRUCK:0", 
   "ph": "E", 
   "args": {
    "cargo": [], 
    "transport": "TRUCK:0"
   }, 
   "pid": "TRUCK:0", 
   "ts": 28, 
   "cat": "ddd"
  }, 
  {
   "tid": "TRUCK:1", 
   "ph": "E", 
   "args": {
    "cargo": [], 
    "transport": "TRUCK:1"
   }, 
   "pid": "TRUCK:1", 
   "ts": 28, 
   "cat": "ddd"
  }, 
  {
   "tid": "TRUCK:0", 
   "ph": "E", 
   "args": {
    "cargo": [], 
    "transport": "TRUCK:0"
   }, 
   "pid": "TRUCK:0", 
   "ts": 29, 
   "cat": "ddd"
  }, 
  {
   "tid": "TRUCK:1", 
   "ph": "E", 
   "args": {
    "cargo": [], 
    "transport": "TRUCK:1"
   }, 
   "pid": "TRUCK:1", 
   "ts": 29, 
   "cat": "ddd"
  }, 
  {
   "tid": "SHIP:2", 
   "ph": "E", 
   "args": {
    "cargo": [
     "CARGO:FACTORY_A_7"
    ], 
    "transport": "SHIP:2"
   }, 
   "pid": "SHIP:2", 
   "ts": 29, 
   "cat": "ddd"
  }, 
  {
   "name": "A-PORT", 
   "tid": "SHIP:2", 
   "ph": "B", 
   "args": {
    "cargo": [], 
    "transport": "SHIP:2"
   }, 
   "pid": "SHIP:2", 
   "ts": 29, 
   "cat": "ddd"
  }
 ]
}
