{
 "displayTimeUnit": "ms", 
 "traceEvents": [
  {
   "name": "FACTORY-B", 
   "tid": "TRUCK:0", 
   "ph": "B", 
   "args": {
    "cargo": [
     "CARGO:FACTORY_B_1"
    ], 
    "transport": "TRUCK:0"
   }, 
   "pid": "TRUCK:0", 
   "ts": 0, 
   "cat": "ddd"
  }, 
  {
   "tid": "TRUCK:0", 
   "ph": "E", 
   "args": {
    "cargo": [
     "CARGO:FACTORY_B_1"
    ], 
    "transport": "TRUCK:0"
   }, 
   "pid": "TRUCK:0", 
   "ts": 5, 
   "cat": "ddd"
  }, 
  {
   "name": "B-FACTORY", 
   "tid": "TRUCK:0", 
   "ph": "B", 
   "args": {
    "cargo": [], 
    "transport": "TRUCK:0"
   }, 
   "pid": "TRUCK:0", 
   "ts": 5, 
   "cat": "ddd"
  }
 ]
}
